<?xml version="1.0" encoding="UTF-8"?>
<!-- Generated by org.testng.reporters.JUnitReportReporter -->
<testsuite hostname="DESKTOP-CG51U2J" failures="0" tests="1" name="com.myshop.testcases.TC_RegisteredUserLoginTest" time="14.079" errors="0" timestamp="2022-12-20T06:26:06 IST" skipped="0">
  <testcase classname="com.myshop.testcases.TC_RegisteredUserLoginTest" name="verifyRegistrationAndLogin" time="14.079"/>
  <system-out/>
</testsuite> <!-- com.myshop.testcases.TC_RegisteredUserLoginTest -->
