<?xml version="1.0" encoding="UTF-8"?>
<!-- Generated by org.testng.reporters.JUnitReportReporter -->
<testsuite hostname="DESKTOP-CG51U2J" failures="0" tests="1" name="com.myshop.testcases.TC_RegisteredUserLoginTest" time="16.578" errors="0" timestamp="2022-12-23T10:32:40 IST" skipped="0">
  <testcase classname="com.myshop.testcases.TC_RegisteredUserLoginTest" name="verifyRegistrationAndLogin" time="16.578"/>
  <system-out/>
</testsuite> <!-- com.myshop.testcases.TC_RegisteredUserLoginTest -->
